[17:22:18] [main/WARN]: Ambiguity between arguments [teleport, destination] and [teleport, targets] with inputs: [Player, 0123, @e, dd12be42-52a9-4a91-a8a1-11c01849e498]
[17:22:18] [main/WARN]: Ambiguity between arguments [teleport, location] and [teleport, destination] with inputs: [0.1 -0.5 .9, 0 0 0]
[17:22:18] [main/WARN]: Ambiguity between arguments [teleport, location] and [teleport, targets] with inputs: [0.1 -0.5 .9, 0 0 0]
[17:22:18] [main/WARN]: Ambiguity between arguments [teleport, targets] and [teleport, destination] with inputs: [Player, 0123, dd12be42-52a9-4a91-a8a1-11c01849e498]
[17:22:18] [main/WARN]: Ambiguity between arguments [teleport, targets, location] and [teleport, targets, destination] with inputs: [0.1 -0.5 .9, 0 0 0]
[17:22:18] [Server thread/INFO]: Starting minecraft server version 1.14.4
[17:22:18] [Server thread/INFO]: Loading properties
[17:22:18] [Server thread/INFO]: Default game type: SURVIVAL
[17:22:18] [Server thread/INFO]: Generating keypair
[17:22:18] [Server thread/INFO]: Starting Minecraft server on 192.168.31.78:25565
[17:22:18] [Server thread/INFO]: Using default channel type
[17:22:23] [Server thread/WARN]: **** SERVER IS RUNNING IN OFFLINE/INSECURE MODE!
[17:22:23] [Server thread/WARN]: The server will make no attempt to authenticate usernames. Beware.
[17:22:23] [Server thread/WARN]: While this makes the game possible to play without internet access, it also opens up the ability for hackers to connect with any username they choose.
[17:22:23] [Server thread/WARN]: To change this, set "online-mode" to "true" in the server.properties file.
[17:22:23] [Server thread/INFO]: Preparing level "world"
[17:22:23] [Server thread/INFO]: Reloading ResourceManager: Default
[17:22:30] [Server thread/INFO]: Loaded 6 recipes
[17:22:31] [Server thread/INFO]: Loaded 811 advancements
[17:22:31] [Server thread/INFO]: Preparing start region for dimension minecraft:overworld
[17:22:32] [Server thread/INFO]: Preparing spawn area: 0%
[17:22:32] [Server thread/INFO]: Preparing spawn area: 0%
[17:22:32] [Server thread/INFO]: Preparing spawn area: 0%
[17:22:32] [Server thread/INFO]: Preparing spawn area: 0%
[17:22:35] [Server-Worker-3/INFO]: Preparing spawn area: 83%
[17:22:35] [Server-Worker-3/INFO]: Preparing spawn area: 83%
[17:22:35] [Server-Worker-3/INFO]: Preparing spawn area: 83%
[17:22:35] [Server-Worker-3/INFO]: Preparing spawn area: 83%
[17:22:35] [Server-Worker-3/INFO]: Preparing spawn area: 83%
[17:22:35] [Server-Worker-1/INFO]: Preparing spawn area: 95%
[17:22:36] [Server-Worker-3/INFO]: Preparing spawn area: 95%
[17:22:36] [Server-Worker-3/INFO]: Preparing spawn area: 96%
[17:22:37] [Server thread/INFO]: Time elapsed: 5748 ms
[17:22:37] [Server thread/INFO]: Done (13.950s)! For help, type "help"
